<?xml version="1.0" encoding="UTF-8"?>
<testsuite xmlns:xsi="http://www.w3.org/2001/XMLSchema-instance" xsi:noNamespaceSchemaLocation="https://maven.apache.org/surefire/maven-surefire-plugin/xsd/surefire-test-report-3.0.xsd" version="3.0" name="com.example.systeme_reservation_jo.controller.EvenementControllerTest" time="2.446" tests="4" errors="0" skipped="0" failures="0">
  <properties>
[...]
</properties>
  <testcase name="updateEvenement_ValidEvenement_ReturnsUpdatedEvenement" classname="com.example.systeme_reservation_jo.controller.EvenementControllerTest" time="0.241">
    <system-out><![CDATA[
  .   ____          _            __ _ _
 /\\ / ___'_ __ _ _(_)_ __  __ _ \ \ \ \
( ( )\___ | '_ | '_| | '_ \/ _` | \ \ \ \
 \\/  ___)| |_)| | | | | || (_| |  ) ) ) )
  '  |____| .__|_| |_|_| |_\__, | / / / /
 =========|_|==============|___/=/_/_/_/
 :: Spring Boot ::                (v3.2.2)

2025-05-25T08:12:11.241+02:00  INFO 8804 --- [systeme-reservation-jo] [           main] c.e.s.c.EvenementControllerTest          : Starting EvenementControllerTest using Java 17.0.14 with PID 8804 (started by A-n-t in C:\Users\A-n-t\Documents\Projets\systeme-reservation-jo\backend\systeme-reservation-jo)
2025-05-25T08:12:11.243+02:00  INFO 8804 --- [systeme-reservation-jo] [           main] c.e.s.c.EvenementControllerTest          : The following 1 profile is active: "test"
2025-05-25T08:12:11.678+02:00  INFO 8804 --- [systeme-reservation-jo] [           main] .s.d.r.c.RepositoryConfigurationDelegate : Bootstrapping Spring Data JPA repositories in DEFAULT mode.
2025-05-25T08:12:11.723+02:00  INFO 8804 --- [systeme-reservation-jo] [           main] .s.d.r.c.RepositoryConfigurationDelegate : Finished Spring Data repository scanning in 44 ms. Found 6 JPA repository interfaces.
2025-05-25T08:12:11.927+02:00  INFO 8804 --- [systeme-reservation-jo] [           main] o.hibernate.jpa.internal.util.LogHelper  : HHH000204: Processing PersistenceUnitInfo [name: default]
2025-05-25T08:12:11.934+02:00  INFO 8804 --- [systeme-reservation-jo] [           main] o.h.c.internal.RegionFactoryInitiator    : HHH000026: Second-level cache disabled
2025-05-25T08:12:11.944+02:00  INFO 8804 --- [systeme-reservation-jo] [           main] o.s.o.j.p.SpringPersistenceUnitInfo      : No LoadTimeWeaver setup: ignoring JPA class transformer
2025-05-25T08:12:11.946+02:00  INFO 8804 --- [systeme-reservation-jo] [           main] com.zaxxer.hikari.HikariDataSource       : HikariPool-2 - Starting...
2025-05-25T08:12:12.056+02:00  INFO 8804 --- [systeme-reservation-jo] [           main] com.zaxxer.hikari.pool.HikariPool        : HikariPool-2 - Added connection org.postgresql.jdbc.PgConnection@6d6d9406
2025-05-25T08:12:12.056+02:00  INFO 8804 --- [systeme-reservation-jo] [           main] com.zaxxer.hikari.HikariDataSource       : HikariPool-2 - Start completed.
2025-05-25T08:12:12.357+02:00  INFO 8804 --- [systeme-reservation-jo] [           main] o.h.e.t.j.p.i.JtaPlatformInitiator       : HHH000489: No JTA platform available (set 'hibernate.transaction.jta.platform' to enable JTA platform integration)
2025-05-25T08:12:12.538+02:00  INFO 8804 --- [systeme-reservation-jo] [           main] j.LocalContainerEntityManagerFactoryBean : Initialized JPA EntityManagerFactory for persistence unit 'default'
2025-05-25T08:12:12.922+02:00  WARN 8804 --- [systeme-reservation-jo] [           main] JpaBaseConfiguration$JpaWebConfiguration : spring.jpa.open-in-view is enabled by default. Therefore, database queries may be performed during view rendering. Explicitly configure spring.jpa.open-in-view to disable this warning
2025-05-25T08:12:13.071+02:00  INFO 8804 --- [systeme-reservation-jo] [           main] o.s.s.web.DefaultSecurityFilterChain     : Will secure any request with [org.springframework.security.web.session.DisableEncodeUrlFilter@310ff09e, org.springframework.security.web.context.request.async.WebAsyncManagerIntegrationFilter@26c0afdf, org.springframework.security.web.context.SecurityContextHolderFilter@e2cf713, org.springframework.security.web.header.HeaderWriterFilter@7c33d81f, org.springframework.web.filter.CorsFilter@260d5273, org.springframework.security.web.authentication.logout.LogoutFilter@b939971, org.springframework.security.web.savedrequest.RequestCacheAwareFilter@32fc8a41, org.springframework.security.web.servletapi.SecurityContextHolderAwareRequestFilter@ffad70, org.springframework.security.web.authentication.AnonymousAuthenticationFilter@160e6384, org.springframework.security.web.access.ExceptionTranslationFilter@2532e07e, org.springframework.security.web.access.intercept.AuthorizationFilter@20821620]
2025-05-25T08:12:13.215+02:00  INFO 8804 --- [systeme-reservation-jo] [           main] o.s.b.t.m.w.SpringBootMockServletContext : Initializing Spring TestDispatcherServlet ''
2025-05-25T08:12:13.216+02:00  INFO 8804 --- [systeme-reservation-jo] [           main] o.s.t.web.servlet.TestDispatcherServlet  : Initializing Servlet ''
2025-05-25T08:12:13.217+02:00  INFO 8804 --- [systeme-reservation-jo] [           main] o.s.t.web.servlet.TestDispatcherServlet  : Completed initialization in 1 ms
2025-05-25T08:12:13.234+02:00  INFO 8804 --- [systeme-reservation-jo] [           main] c.e.s.c.EvenementControllerTest          : Started EvenementControllerTest in 2.109 seconds (process running for 21.126)
2025-05-25T08:12:13.382+02:00 DEBUG 8804 --- [systeme-reservation-jo] [           main] w.c.HttpSessionSecurityContextRepository : Created HttpSession as SecurityContext is non-default
2025-05-25T08:12:13.384+02:00 DEBUG 8804 --- [systeme-reservation-jo] [           main] w.c.HttpSessionSecurityContextRepository : Stored SecurityContextImpl [Authentication=UsernamePasswordAuthenticationToken [Principal=org.springframework.security.core.userdetails.User [Username=admin, Password=[PROTECTED], Enabled=true, AccountNonExpired=true, CredentialsNonExpired=true, AccountNonLocked=true, Granted Authorities=[ROLE_ADMINISTRATEUR]], Credentials=[PROTECTED], Authenticated=true, Details=null, Granted Authorities=[ROLE_ADMINISTRATEUR]]] to HttpSession [org.springframework.mock.web.MockHttpSession@6e8d3d43]
2025-05-25T08:12:13.385+02:00 DEBUG 8804 --- [systeme-reservation-jo] [           main] o.s.security.web.FilterChainProxy        : Securing PUT /api/evenements/1
2025-05-25T08:12:13.388+02:00 DEBUG 8804 --- [systeme-reservation-jo] [           main] w.c.HttpSessionSecurityContextRepository : Retrieved SecurityContextImpl [Authentication=UsernamePasswordAuthenticationToken [Principal=org.springframework.security.core.userdetails.User [Username=admin, Password=[PROTECTED], Enabled=true, AccountNonExpired=true, CredentialsNonExpired=true, AccountNonLocked=true, Granted Authorities=[ROLE_ADMINISTRATEUR]], Credentials=[PROTECTED], Authenticated=true, Details=null, Granted Authorities=[ROLE_ADMINISTRATEUR]]]
2025-05-25T08:12:13.389+02:00 DEBUG 8804 --- [systeme-reservation-jo] [           main] o.s.security.web.FilterChainProxy        : Secured PUT /api/evenements/1
]]></system-out>
  </testcase>
  <testcase name="deleteEvenement_ExistingId_ReturnsNoContent" classname="com.example.systeme_reservation_jo.controller.EvenementControllerTest" time="0.019">
    <system-out><![CDATA[2025-05-25T08:12:13.497+02:00 DEBUG 8804 --- [systeme-reservation-jo] [           main] w.c.HttpSessionSecurityContextRepository : Created HttpSession as SecurityContext is non-default
2025-05-25T08:12:13.497+02:00 DEBUG 8804 --- [systeme-reservation-jo] [           main] w.c.HttpSessionSecurityContextRepository : Stored SecurityContextImpl [Authentication=UsernamePasswordAuthenticationToken [Principal=org.springframework.security.core.userdetails.User [Username=admin, Password=[PROTECTED], Enabled=true, AccountNonExpired=true, CredentialsNonExpired=true, AccountNonLocked=true, Granted Authorities=[ROLE_ADMINISTRATEUR]], Credentials=[PROTECTED], Authenticated=true, Details=null, Granted Authorities=[ROLE_ADMINISTRATEUR]]] to HttpSession [org.springframework.mock.web.MockHttpSession@52602c48]
2025-05-25T08:12:13.498+02:00 DEBUG 8804 --- [systeme-reservation-jo] [           main] o.s.security.web.FilterChainProxy        : Securing DELETE /api/evenements/1
2025-05-25T08:12:13.499+02:00 DEBUG 8804 --- [systeme-reservation-jo] [           main] w.c.HttpSessionSecurityContextRepository : Retrieved SecurityContextImpl [Authentication=UsernamePasswordAuthenticationToken [Principal=org.springframework.security.core.userdetails.User [Username=admin, Password=[PROTECTED], Enabled=true, AccountNonExpired=true, CredentialsNonExpired=true, AccountNonLocked=true, Granted Authorities=[ROLE_ADMINISTRATEUR]], Credentials=[PROTECTED], Authenticated=true, Details=null, Granted Authorities=[ROLE_ADMINISTRATEUR]]]
2025-05-25T08:12:13.499+02:00 DEBUG 8804 --- [systeme-reservation-jo] [           main] o.s.security.web.FilterChainProxy        : Secured DELETE /api/evenements/1
]]></system-out>
  </testcase>
  <testcase name="getEvenementById_ExistingId_ReturnsEvenement" classname="com.example.systeme_reservation_jo.controller.EvenementControllerTest" time="0.017">
    <system-out><![CDATA[2025-05-25T08:12:13.515+02:00 DEBUG 8804 --- [systeme-reservation-jo] [           main] w.c.HttpSessionSecurityContextRepository : Created HttpSession as SecurityContext is non-default
2025-05-25T08:12:13.515+02:00 DEBUG 8804 --- [systeme-reservation-jo] [           main] w.c.HttpSessionSecurityContextRepository : Stored SecurityContextImpl [Authentication=UsernamePasswordAuthenticationToken [Principal=org.springframework.security.core.userdetails.User [Username=admin, Password=[PROTECTED], Enabled=true, AccountNonExpired=true, CredentialsNonExpired=true, AccountNonLocked=true, Granted Authorities=[ROLE_ADMINISTRATEUR]], Credentials=[PROTECTED], Authenticated=true, Details=null, Granted Authorities=[ROLE_ADMINISTRATEUR]]] to HttpSession [org.springframework.mock.web.MockHttpSession@1dabeb92]
2025-05-25T08:12:13.516+02:00 DEBUG 8804 --- [systeme-reservation-jo] [           main] o.s.security.web.FilterChainProxy        : Securing GET /api/evenements/1
2025-05-25T08:12:13.517+02:00 DEBUG 8804 --- [systeme-reservation-jo] [           main] w.c.HttpSessionSecurityContextRepository : Retrieved SecurityContextImpl [Authentication=UsernamePasswordAuthenticationToken [Principal=org.springframework.security.core.userdetails.User [Username=admin, Password=[PROTECTED], Enabled=true, AccountNonExpired=true, CredentialsNonExpired=true, AccountNonLocked=true, Granted Authorities=[ROLE_ADMINISTRATEUR]], Credentials=[PROTECTED], Authenticated=true, Details=null, Granted Authorities=[ROLE_ADMINISTRATEUR]]]
2025-05-25T08:12:13.517+02:00 DEBUG 8804 --- [systeme-reservation-jo] [           main] o.s.security.web.FilterChainProxy        : Secured GET /api/evenements/1
]]></system-out>
  </testcase>
  <testcase name="deleteEvenement_NonExistingId_ReturnsNotFound" classname="com.example.systeme_reservation_jo.controller.EvenementControllerTest" time="0.013">
    <system-out><![CDATA[2025-05-25T08:12:13.533+02:00 DEBUG 8804 --- [systeme-reservation-jo] [           main] w.c.HttpSessionSecurityContextRepository : Created HttpSession as SecurityContext is non-default
2025-05-25T08:12:13.534+02:00 DEBUG 8804 --- [systeme-reservation-jo] [           main] w.c.HttpSessionSecurityContextRepository : Stored SecurityContextImpl [Authentication=UsernamePasswordAuthenticationToken [Principal=org.springframework.security.core.userdetails.User [Username=admin, Password=[PROTECTED], Enabled=true, AccountNonExpired=true, CredentialsNonExpired=true, AccountNonLocked=true, Granted Authorities=[ROLE_ADMINISTRATEUR]], Credentials=[PROTECTED], Authenticated=true, Details=null, Granted Authorities=[ROLE_ADMINISTRATEUR]]] to HttpSession [org.springframework.mock.web.MockHttpSession@47a363a8]
2025-05-25T08:12:13.535+02:00 DEBUG 8804 --- [systeme-reservation-jo] [           main] o.s.security.web.FilterChainProxy        : Securing DELETE /api/evenements/2
2025-05-25T08:12:13.536+02:00 DEBUG 8804 --- [systeme-reservation-jo] [           main] w.c.HttpSessionSecurityContextRepository : Retrieved SecurityContextImpl [Authentication=UsernamePasswordAuthenticationToken [Principal=org.springframework.security.core.userdetails.User [Username=admin, Password=[PROTECTED], Enabled=true, AccountNonExpired=true, CredentialsNonExpired=true, AccountNonLocked=true, Granted Authorities=[ROLE_ADMINISTRATEUR]], Credentials=[PROTECTED], Authenticated=true, Details=null, Granted Authorities=[ROLE_ADMINISTRATEUR]]]
2025-05-25T08:12:13.536+02:00 DEBUG 8804 --- [systeme-reservation-jo] [           main] o.s.security.web.FilterChainProxy        : Secured DELETE /api/evenements/2
]]></system-out>
  </testcase>
</testsuite>